<?xml version="1.0" encoding="UTF-8"?>
<testng-results ignored="0" total="4" passed="3" failed="1" skipped="0">
  <reporter-output>
  </reporter-output>
  <suite started-at="2020-09-23T11:39:12 IST" name="Suite" finished-at="2020-09-23T11:40:16 IST" duration-ms="63117">
    <groups>
    </groups>
    <test started-at="2020-09-23T11:39:12 IST" name="Validating title in the Page" finished-at="2020-09-23T11:40:01 IST" duration-ms="48341">
      <class name="E2EFramework.ValidateTitle">
        <test-method is-config="true" signature="initialize()[pri:0, instance:E2EFramework.ValidateTitle@60dce7ea]" started-at="2020-09-23T11:39:12 IST" name="initialize" finished-at="2020-09-23T11:39:53 IST" duration-ms="40650" status="PASS">
          <reporter-output>
          </reporter-output>
        </test-method> <!-- initialize -->
        <test-method signature="validateAppTitle()[pri:0, instance:E2EFramework.ValidateTitle@60dce7ea]" started-at="2020-09-23T11:39:53 IST" name="validateAppTitle" finished-at="2020-09-23T11:39:54 IST" duration-ms="587" status="FAIL">
          <exception class="java.lang.AssertionError">
            <message>
              <![CDATA[expected [FEATURED COU123RSES] but found [FEATURED COURSES]]]>
            </message>
            <full-stacktrace>
              <![CDATA[java.lang.AssertionError: expected [FEATURED COU123RSES] but found [FEATURED COURSES]
at org.testng.Assert.fail(Assert.java:99)
at org.testng.Assert.failNotEquals(Assert.java:1037)
at org.testng.Assert.assertEqualsImpl(Assert.java:140)
at org.testng.Assert.assertEquals(Assert.java:122)
at org.testng.Assert.assertEquals(Assert.java:629)
at org.testng.Assert.assertEquals(Assert.java:639)
at E2EFramework.ValidateTitle.validateAppTitle(ValidateTitle.java:42)
at java.base/jdk.internal.reflect.NativeMethodAccessorImpl.invoke0(Native Method)
at java.base/jdk.internal.reflect.NativeMethodAccessorImpl.invoke(NativeMethodAccessorImpl.java:62)
at java.base/jdk.internal.reflect.DelegatingMethodAccessorImpl.invoke(DelegatingMethodAccessorImpl.java:43)
at java.base/java.lang.reflect.Method.invoke(Method.java:564)
at org.testng.internal.MethodInvocationHelper.invokeMethod(MethodInvocationHelper.java:132)
at org.testng.internal.TestInvoker.invokeMethod(TestInvoker.java:599)
at org.testng.internal.TestInvoker.invokeTestMethod(TestInvoker.java:174)
at org.testng.internal.MethodRunner.runInSequence(MethodRunner.java:46)
at org.testng.internal.TestInvoker$MethodInvocationAgent.invoke(TestInvoker.java:822)
at org.testng.internal.TestInvoker.invokeTestMethods(TestInvoker.java:147)
at org.testng.internal.TestMethodWorker.invokeTestMethods(TestMethodWorker.java:146)
at org.testng.internal.TestMethodWorker.run(TestMethodWorker.java:128)
at java.base/java.util.ArrayList.forEach(ArrayList.java:1511)
at org.testng.TestRunner.privateRun(TestRunner.java:764)
at org.testng.TestRunner.run(TestRunner.java:585)
at org.testng.SuiteRunner.runTest(SuiteRunner.java:384)
at org.testng.SuiteRunner.access$000(SuiteRunner.java:28)
at org.testng.SuiteRunner$SuiteWorker.run(SuiteRunner.java:425)
at org.testng.internal.thread.ThreadUtil.lambda$execute$0(ThreadUtil.java:66)
at java.base/java.util.concurrent.FutureTask.run(FutureTask.java:264)
at java.base/java.util.concurrent.ThreadPoolExecutor.runWorker(ThreadPoolExecutor.java:1130)
at java.base/java.util.concurrent.ThreadPoolExecutor$Worker.run(ThreadPoolExecutor.java:630)
at java.base/java.lang.Thread.run(Thread.java:832)
]]>
            </full-stacktrace>
          </exception> <!-- java.lang.AssertionError -->
          <reporter-output>
          </reporter-output>
        </test-method> <!-- validateAppTitle -->
        <test-method is-config="true" signature="teardown()[pri:0, instance:E2EFramework.ValidateTitle@60dce7ea]" started-at="2020-09-23T11:39:55 IST" name="teardown" finished-at="2020-09-23T11:40:01 IST" duration-ms="5495" status="PASS">
          <reporter-output>
          </reporter-output>
        </test-method> <!-- teardown -->
      </class> <!-- E2EFramework.ValidateTitle -->
    </test> <!-- Validating title in the Page -->
    <test started-at="2020-09-23T11:39:12 IST" name="Validating navigation Bar" finished-at="2020-09-23T11:40:02 IST" duration-ms="49501">
      <class name="E2EFramework.validateNavigationBar">
        <test-method is-config="true" signature="initialize()[pri:0, instance:E2EFramework.validateNavigationBar@75c9e76b]" started-at="2020-09-23T11:39:12 IST" name="initialize" finished-at="2020-09-23T11:39:53 IST" duration-ms="40864" status="PASS">
          <reporter-output>
          </reporter-output>
        </test-method> <!-- initialize -->
        <test-method signature="validateAppNavBar()[pri:0, instance:E2EFramework.validateNavigationBar@75c9e76b]" started-at="2020-09-23T11:39:53 IST" name="validateAppNavBar" finished-at="2020-09-23T11:39:56 IST" duration-ms="2750" status="PASS">
          <reporter-output>
          </reporter-output>
        </test-method> <!-- validateAppNavBar -->
        <test-method is-config="true" signature="teardown()[pri:0, instance:E2EFramework.validateNavigationBar@75c9e76b]" started-at="2020-09-23T11:39:56 IST" name="teardown" finished-at="2020-09-23T11:40:02 IST" duration-ms="5863" status="PASS">
          <reporter-output>
          </reporter-output>
        </test-method> <!-- teardown -->
      </class> <!-- E2EFramework.validateNavigationBar -->
    </test> <!-- Validating navigation Bar -->
    <test started-at="2020-09-23T11:39:12 IST" name="Validating User login" finished-at="2020-09-23T11:40:16 IST" duration-ms="63117">
      <class name="E2EFramework.Homepage">
        <test-method is-config="true" signature="initialize()[pri:0, instance:E2EFramework.Homepage@a776e]" started-at="2020-09-23T11:39:12 IST" name="initialize" finished-at="2020-09-23T11:39:29 IST" duration-ms="16816" status="PASS">
          <reporter-output>
          </reporter-output>
        </test-method> <!-- initialize -->
        <test-method signature="basePageNavigation(java.lang.String, java.lang.String, java.lang.String)[pri:0, instance:E2EFramework.Homepage@a776e]" started-at="2020-09-23T11:39:29 IST" name="basePageNavigation" data-provider="getData" finished-at="2020-09-23T11:40:02 IST" duration-ms="32643" status="PASS">
          <params>
            <param index="0">
              <value>
                <![CDATA[nonrestricteduser@qw.com]]>
              </value>
            </param>
            <param index="1">
              <value>
                <![CDATA[123456]]>
              </value>
            </param>
            <param index="2">
              <value>
                <![CDATA[Restrcited User]]>
              </value>
            </param>
          </params>
          <reporter-output>
          </reporter-output>
        </test-method> <!-- basePageNavigation -->
        <test-method signature="basePageNavigation(java.lang.String, java.lang.String, java.lang.String)[pri:0, instance:E2EFramework.Homepage@a776e]" started-at="2020-09-23T11:40:02 IST" name="basePageNavigation" data-provider="getData" finished-at="2020-09-23T11:40:11 IST" duration-ms="9068" status="PASS">
          <params>
            <param index="0">
              <value>
                <![CDATA[restricteduser@qw.com]]>
              </value>
            </param>
            <param index="1">
              <value>
                <![CDATA[456788]]>
              </value>
            </param>
            <param index="2">
              <value>
                <![CDATA[Non restricted user]]>
              </value>
            </param>
          </params>
          <reporter-output>
          </reporter-output>
        </test-method> <!-- basePageNavigation -->
        <test-method is-config="true" signature="teardown()[pri:0, instance:E2EFramework.Homepage@a776e]" started-at="2020-09-23T11:40:11 IST" name="teardown" finished-at="2020-09-23T11:40:16 IST" duration-ms="4517" status="PASS">
          <reporter-output>
          </reporter-output>
        </test-method> <!-- teardown -->
      </class> <!-- E2EFramework.Homepage -->
    </test> <!-- Validating User login -->
  </suite> <!-- Suite -->
</testng-results>
